Fri, Apr 18, 2025  4:39:12 PM: 
 hashmap.c | 17 ++++++++++++++++-
 1 file changed, 16 insertions(+), 1 deletion(-)
Compilation failed
In file included from test.c:4:0:
hashmap.c: In function 'createMap':
hashmap.c:56:34: error: return makes pointer from integer without a cast [-Werror=int-conversion]
     if(nuevoMapa == NULL) return EXIT_FAILURE;
                                  ^~~~~~~~~~~~
hashmap.c:61:16: error: return makes pointer from integer without a cast [-Werror=int-conversion]
         return EXIT_FAILURE;
                ^~~~~~~~~~~~
cc1.exe: all warnings being treated as errors
eeef3b7
Fri, Apr 18, 2025  4:39:45 PM: 
Compilation failed
In file included from test.c:4:0:
hashmap.c: In function 'createMap':
hashmap.c:56:34: error: return makes pointer from integer without a cast [-Werror=int-conversion]
     if(nuevoMapa == NULL) return EXIT_FAILURE;
                                  ^~~~~~~~~~~~
hashmap.c:61:16: error: return makes pointer from integer without a cast [-Werror=int-conversion]
         return EXIT_FAILURE;
                ^~~~~~~~~~~~
cc1.exe: all warnings being treated as errors
30727f6
Fri, Apr 18, 2025  4:39:55 PM: 
 hashmap.c | 4 ++--
 1 file changed, 2 insertions(+), 2 deletions(-)
 tests:  1|5
total_score: 10/70
6b4a56c
Fri, Apr 18, 2025  4:55:57 PM: 
 hashmap.c | 17 +++++++++++++++--
 1 file changed, 15 insertions(+), 2 deletions(-)
 tests:  0|0
cd54aed
Fri, Apr 18, 2025  5:01:10 PM: 
 hashmap.c | 8 ++++----
 1 file changed, 4 insertions(+), 4 deletions(-)
 tests:  4|5
total_score: 20/70
e42e49d
Fri, Apr 18, 2025  5:06:05 PM: 
 hashmap.c | 11 +++++++++++
 1 file changed, 11 insertions(+)
Compilation failed
In file included from test.c:4:0:
hashmap.c: In function 'insertMap':
hashmap.c:49:9: error: 'camio' undeclared (first use in this function)
         camio = 1;
         ^~~~~
hashmap.c:49:9: note: each undeclared identifier is reported only once for each function it appears in
f4d4ad9
Fri, Apr 18, 2025  5:06:31 PM: 
 hashmap.c | 2 +-
 1 file changed, 1 insertion(+), 1 deletion(-)
 tests:  5|4
total_score: 30/70
773750e
Fri, Apr 18, 2025  5:21:04 PM: 
 hashmap.c | 15 ++++++++-------
 1 file changed, 8 insertions(+), 7 deletions(-)
Compilation failed
In file included from test.c:4:0:
hashmap.c: In function 'insertMap':
hashmap.c:45:38: error: null argument where non-null required (argument 2) [-Werror=nonnull]
     if (map->buckets[pos] == NULL || strcmp(map->buckets[pos]->key, NULL) == 0){
                                      ^~~~~~
hashmap.c:53:44: error: null argument where non-null required (argument 2) [-Werror=nonnull]
             if (map->buckets[i] == NULL || strcmp(map->buckets[i]->key, NULL) == 0){
                                            ^~~~~~
hashmap.c:62:40: error: null argument where non-null required (argument 2) [-Werror=nonnull]
         if (map->buckets[i] == NULL || strcmp(map->buckets[i]->key, NULL) == 0){
                                        ^~~~~~
hashmap.c:44:9: error: unused variable 'cambio' [-Werror=unused-variable]
     int cambio = 0;
         ^~~~~~
hashmap.c: In function 'searchMap':
hashmap.c:104:10: error: unused variable 'pos' [-Werror=unused-variable]
     long pos = hash(key, map->capacity);
          ^~~
cc1.exe: all warnings being treated as errors
ef96865
Fri, Apr 18, 2025  5:22:50 PM: 
 hashmap.c | 9 ++++-----
 1 file changed, 4 insertions(+), 5 deletions(-)
 tests:  5|4
total_score: 30/70
06b6cfc
Fri, Apr 18, 2025  5:53:05 PM: 
 hashmap.c | 23 +++++++++++++++++++++--
 1 file changed, 21 insertions(+), 2 deletions(-)
Compilation failed
In file included from test.c:4:0:
hashmap.c: In function 'insertMap':
hashmap.c:68:12: error: 'return' with a value, in function returning void [-Werror]
     return NULL;
            ^~~~
hashmap.c:42:6: note: declared here
 void insertMap(HashMap * map, char * key, void * value) {
      ^~~~~~~~~
test.c: In function 'searchMap':
test.c:453:5: error: 'main' is normally a non-static function [-Werror=main]
 int main( int argc, char *argv[] ) {
     ^~~~
test.c:511:1: error: expected declaration or statement at end of input
 }
 ^
test.c:511:1: error: control reaches end of non-void function [-Werror=return-type]
 }
 ^
At top level:
test.c:453:5: error: 'main' defined but not used [-Werror=unused-function]
 int main( int argc, char *argv[] ) {
     ^~~~
test.c:217:5: error: 'insert_test5' defined but not used [-Werror=unused-function]
 int insert_test5(){ //factor de carga>0.7, se llama a función enlarge
     ^~~~~~~~~~~~
test.c:131:6: error: 'compare_test' defined but not used [-Werror=unused-function]
 void compare_test(){
      ^~~~~~~~~~~~
test.c:125:6: error: 'hash_test3' defined but not used [-Werror=unused-function]
 void hash_test3(){ //no random
      ^~~~~~~~~~
test.c:111:6: error: 'hash_test2' defined but not used [-Werror=unused-function]
 void hash_test2(){ // colisiones
      ^~~~~~~~~~
test.c:100:6: error: 'hash_test1' defined but not used [-Werror=unused-function]
 void hash_test1(){ // posición válida
      ^~~~~~~~~~
cc1.exe: all warnings being treated as errors
92708b7
Fri, Apr 18, 2025  5:54:06 PM: 
 hashmap.c | 3 ---
 1 file changed, 3 deletions(-)
Compilation failed
test.c: In function 'searchMap':
test.c:453:5: error: 'main' is normally a non-static function [-Werror=main]
 int main( int argc, char *argv[] ) {
     ^~~~
test.c:511:1: error: expected declaration or statement at end of input
 }
 ^
test.c:511:1: error: control reaches end of non-void function [-Werror=return-type]
 }
 ^
At top level:
test.c:453:5: error: 'main' defined but not used [-Werror=unused-function]
 int main( int argc, char *argv[] ) {
     ^~~~
test.c:217:5: error: 'insert_test5' defined but not used [-Werror=unused-function]
 int insert_test5(){ //factor de carga>0.7, se llama a función enlarge
     ^~~~~~~~~~~~
test.c:131:6: error: 'compare_test' defined but not used [-Werror=unused-function]
 void compare_test(){
      ^~~~~~~~~~~~
test.c:125:6: error: 'hash_test3' defined but not used [-Werror=unused-function]
 void hash_test3(){ //no random
      ^~~~~~~~~~
test.c:111:6: error: 'hash_test2' defined but not used [-Werror=unused-function]
 void hash_test2(){ // colisiones
      ^~~~~~~~~~
test.c:100:6: error: 'hash_test1' defined but not used [-Werror=unused-function]
 void hash_test1(){ // posición válida
      ^~~~~~~~~~
cc1.exe: all warnings being treated as errors
b441f9d
Fri, Apr 18, 2025  5:56:18 PM: 
 hashmap.c | 3 +++
 1 file changed, 3 insertions(+)
Compilation failed
test.c: In function 'searchMap':
test.c:453:5: error: 'main' is normally a non-static function [-Werror=main]
 int main( int argc, char *argv[] ) {
     ^~~~
test.c:511:1: error: expected declaration or statement at end of input
 }
 ^
test.c:511:1: error: control reaches end of non-void function [-Werror=return-type]
 }
 ^
At top level:
test.c:453:5: error: 'main' defined but not used [-Werror=unused-function]
 int main( int argc, char *argv[] ) {
     ^~~~
test.c:217:5: error: 'insert_test5' defined but not used [-Werror=unused-function]
 int insert_test5(){ //factor de carga>0.7, se llama a función enlarge
     ^~~~~~~~~~~~
test.c:131:6: error: 'compare_test' defined but not used [-Werror=unused-function]
 void compare_test(){
      ^~~~~~~~~~~~
test.c:125:6: error: 'hash_test3' defined but not used [-Werror=unused-function]
 void hash_test3(){ //no random
      ^~~~~~~~~~
test.c:111:6: error: 'hash_test2' defined but not used [-Werror=unused-function]
 void hash_test2(){ // colisiones
      ^~~~~~~~~~
test.c:100:6: error: 'hash_test1' defined but not used [-Werror=unused-function]
 void hash_test1(){ // posición válida
      ^~~~~~~~~~
cc1.exe: all warnings being treated as errors
ce6f298
Fri, Apr 18, 2025  5:57:55 PM: 
 hashmap.c | 12 ++++++------
 1 file changed, 6 insertions(+), 6 deletions(-)
Compilation failed
test.c: In function 'searchMap':
test.c:453:5: error: 'main' is normally a non-static function [-Werror=main]
 int main( int argc, char *argv[] ) {
     ^~~~
test.c:511:1: error: expected declaration or statement at end of input
 }
 ^
test.c:511:1: error: control reaches end of non-void function [-Werror=return-type]
 }
 ^
At top level:
test.c:453:5: error: 'main' defined but not used [-Werror=unused-function]
 int main( int argc, char *argv[] ) {
     ^~~~
test.c:217:5: error: 'insert_test5' defined but not used [-Werror=unused-function]
 int insert_test5(){ //factor de carga>0.7, se llama a función enlarge
     ^~~~~~~~~~~~
test.c:131:6: error: 'compare_test' defined but not used [-Werror=unused-function]
 void compare_test(){
      ^~~~~~~~~~~~
test.c:125:6: error: 'hash_test3' defined but not used [-Werror=unused-function]
 void hash_test3(){ //no random
      ^~~~~~~~~~
test.c:111:6: error: 'hash_test2' defined but not used [-Werror=unused-function]
 void hash_test2(){ // colisiones
      ^~~~~~~~~~
test.c:100:6: error: 'hash_test1' defined but not used [-Werror=unused-function]
 void hash_test1(){ // posición válida
      ^~~~~~~~~~
cc1.exe: all warnings being treated as errors
48419c5
Fri, Apr 18, 2025  6:08:20 PM: 
Compilation failed
test.c: In function 'searchMap':
test.c:453:5: error: 'main' is normally a non-static function [-Werror=main]
 int main( int argc, char *argv[] ) {
     ^~~~
test.c:511:1: error: expected declaration or statement at end of input
 }
 ^
test.c:511:1: error: control reaches end of non-void function [-Werror=return-type]
 }
 ^
At top level:
test.c:453:5: error: 'main' defined but not used [-Werror=unused-function]
 int main( int argc, char *argv[] ) {
     ^~~~
test.c:217:5: error: 'insert_test5' defined but not used [-Werror=unused-function]
 int insert_test5(){ //factor de carga>0.7, se llama a función enlarge
     ^~~~~~~~~~~~
test.c:131:6: error: 'compare_test' defined but not used [-Werror=unused-function]
 void compare_test(){
      ^~~~~~~~~~~~
test.c:125:6: error: 'hash_test3' defined but not used [-Werror=unused-function]
 void hash_test3(){ //no random
      ^~~~~~~~~~
test.c:111:6: error: 'hash_test2' defined but not used [-Werror=unused-function]
 void hash_test2(){ // colisiones
      ^~~~~~~~~~
test.c:100:6: error: 'hash_test1' defined but not used [-Werror=unused-function]
 void hash_test1(){ // posición válida
      ^~~~~~~~~~
cc1.exe: all warnings being treated as errors
88f8bda
Fri, Apr 18, 2025  6:30:13 PM: 
 hashmap.c | 6 +++---
 1 file changed, 3 insertions(+), 3 deletions(-)
Compilation failed
test.c: In function 'searchMap':
test.c:453:5: error: 'main' is normally a non-static function [-Werror=main]
 int main( int argc, char *argv[] ) {
     ^~~~
test.c:511:1: error: expected declaration or statement at end of input
 }
 ^
test.c:511:1: error: control reaches end of non-void function [-Werror=return-type]
 }
 ^
At top level:
test.c:453:5: error: 'main' defined but not used [-Werror=unused-function]
 int main( int argc, char *argv[] ) {
     ^~~~
test.c:217:5: error: 'insert_test5' defined but not used [-Werror=unused-function]
 int insert_test5(){ //factor de carga>0.7, se llama a función enlarge
     ^~~~~~~~~~~~
test.c:131:6: error: 'compare_test' defined but not used [-Werror=unused-function]
 void compare_test(){
      ^~~~~~~~~~~~
test.c:125:6: error: 'hash_test3' defined but not used [-Werror=unused-function]
 void hash_test3(){ //no random
      ^~~~~~~~~~
test.c:111:6: error: 'hash_test2' defined but not used [-Werror=unused-function]
 void hash_test2(){ // colisiones
      ^~~~~~~~~~
test.c:100:6: error: 'hash_test1' defined but not used [-Werror=unused-function]
 void hash_test1(){ // posición válida
      ^~~~~~~~~~
cc1.exe: all warnings being treated as errors
6c737ac
Fri, Apr 18, 2025  6:31:40 PM: 
 hashmap.c | 4 ++--
 1 file changed, 2 insertions(+), 2 deletions(-)
Compilation failed
test.c: In function 'searchMap':
test.c:453:5: error: 'main' is normally a non-static function [-Werror=main]
 int main( int argc, char *argv[] ) {
     ^~~~
test.c:511:1: error: expected declaration or statement at end of input
 }
 ^
test.c:511:1: error: control reaches end of non-void function [-Werror=return-type]
 }
 ^
At top level:
test.c:453:5: error: 'main' defined but not used [-Werror=unused-function]
 int main( int argc, char *argv[] ) {
     ^~~~
test.c:217:5: error: 'insert_test5' defined but not used [-Werror=unused-function]
 int insert_test5(){ //factor de carga>0.7, se llama a función enlarge
     ^~~~~~~~~~~~
test.c:131:6: error: 'compare_test' defined but not used [-Werror=unused-function]
 void compare_test(){
      ^~~~~~~~~~~~
test.c:125:6: error: 'hash_test3' defined but not used [-Werror=unused-function]
 void hash_test3(){ //no random
      ^~~~~~~~~~
test.c:111:6: error: 'hash_test2' defined but not used [-Werror=unused-function]
 void hash_test2(){ // colisiones
      ^~~~~~~~~~
test.c:100:6: error: 'hash_test1' defined but not used [-Werror=unused-function]
 void hash_test1(){ // posición válida
      ^~~~~~~~~~
cc1.exe: all warnings being treated as errors
d4492ff
Fri, Apr 18, 2025  6:32:51 PM: 
 hashmap.c | 2 +-
 1 file changed, 1 insertion(+), 1 deletion(-)
Compilation failed
test.c: In function 'searchMap':
test.c:453:5: warning: 'main' is normally a non-static function [-Wmain]
 int main( int argc, char *argv[] ) {
     ^~~~
test.c:511:1: error: expected declaration or statement at end of input
 }
 ^
test.c:511:1: warning: control reaches end of non-void function [-Wreturn-type]
 }
 ^
At top level:
test.c:453:5: warning: 'main' defined but not used [-Wunused-function]
 int main( int argc, char *argv[] ) {
     ^~~~
test.c:217:5: warning: 'insert_test5' defined but not used [-Wunused-function]
 int insert_test5(){ //factor de carga>0.7, se llama a función enlarge
     ^~~~~~~~~~~~
test.c:131:6: warning: 'compare_test' defined but not used [-Wunused-function]
 void compare_test(){
      ^~~~~~~~~~~~
test.c:125:6: warning: 'hash_test3' defined but not used [-Wunused-function]
 void hash_test3(){ //no random
      ^~~~~~~~~~
test.c:111:6: warning: 'hash_test2' defined but not used [-Wunused-function]
 void hash_test2(){ // colisiones
      ^~~~~~~~~~
test.c:100:6: warning: 'hash_test1' defined but not used [-Wunused-function]
 void hash_test1(){ // posición válida
      ^~~~~~~~~~
b80f4dc
Fri, Apr 18, 2025  6:33:17 PM: 
Compilation failed
test.c: In function 'searchMap':
test.c:453:5: error: 'main' is normally a non-static function [-Werror=main]
 int main( int argc, char *argv[] ) {
     ^~~~
test.c:511:1: error: expected declaration or statement at end of input
 }
 ^
test.c:511:1: error: control reaches end of non-void function [-Werror=return-type]
 }
 ^
At top level:
test.c:453:5: error: 'main' defined but not used [-Werror=unused-function]
 int main( int argc, char *argv[] ) {
     ^~~~
test.c:217:5: error: 'insert_test5' defined but not used [-Werror=unused-function]
 int insert_test5(){ //factor de carga>0.7, se llama a función enlarge
     ^~~~~~~~~~~~
test.c:131:6: error: 'compare_test' defined but not used [-Werror=unused-function]
 void compare_test(){
      ^~~~~~~~~~~~
test.c:125:6: error: 'hash_test3' defined but not used [-Werror=unused-function]
 void hash_test3(){ //no random
      ^~~~~~~~~~
test.c:111:6: error: 'hash_test2' defined but not used [-Werror=unused-function]
 void hash_test2(){ // colisiones
      ^~~~~~~~~~
test.c:100:6: error: 'hash_test1' defined but not used [-Werror=unused-function]
 void hash_test1(){ // posición válida
      ^~~~~~~~~~
cc1.exe: all warnings being treated as errors
8c9fdd5
Fri, Apr 18, 2025  7:07:51 PM: 
Compilation failed
test.c: In function 'searchMap':
test.c:453:5: error: 'main' is normally a non-static function [-Werror=main]
 int main( int argc, char *argv[] ) {
     ^~~~
test.c:511:1: error: expected declaration or statement at end of input
 }
 ^
test.c:511:1: error: control reaches end of non-void function [-Werror=return-type]
 }
 ^
At top level:
test.c:453:5: error: 'main' defined but not used [-Werror=unused-function]
 int main( int argc, char *argv[] ) {
     ^~~~
test.c:217:5: error: 'insert_test5' defined but not used [-Werror=unused-function]
 int insert_test5(){ //factor de carga>0.7, se llama a función enlarge
     ^~~~~~~~~~~~
test.c:131:6: error: 'compare_test' defined but not used [-Werror=unused-function]
 void compare_test(){
      ^~~~~~~~~~~~
test.c:125:6: error: 'hash_test3' defined but not used [-Werror=unused-function]
 void hash_test3(){ //no random
      ^~~~~~~~~~
test.c:111:6: error: 'hash_test2' defined but not used [-Werror=unused-function]
 void hash_test2(){ // colisiones
      ^~~~~~~~~~
test.c:100:6: error: 'hash_test1' defined but not used [-Werror=unused-function]
 void hash_test1(){ // posición válida
      ^~~~~~~~~~
cc1.exe: all warnings being treated as errors
e00a894
Fri, Apr 18, 2025  7:08:25 PM: 
 hashmap.c | 13 +++++++------
 1 file changed, 7 insertions(+), 6 deletions(-)
Compilation failed
In file included from test.c:4:0:
hashmap.c: In function 'searchMap':
hashmap.c:127:1: error: control reaches end of non-void function [-Werror=return-type]
 }
 ^
cc1.exe: all warnings being treated as errors
2223492
